<?xml version="1.0" encoding="UTF-8"?>
<testsuite xmlns:xsi="http://www.w3.org/2001/XMLSchema-instance" xsi:noNamespaceSchemaLocation="https://maven.apache.org/surefire/maven-surefire-plugin/xsd/surefire-test-report.xsd" name="com.informaticsint.fixed.service.BasicDetailServiceTest" time="0.511" tests="8" errors="0" skipped="0" failures="0">
  <properties>
    <property name="awt.toolkit" value="sun.awt.X11.XToolkit"/>
    <property name="file.encoding.pkg" value="sun.io"/>
    <property name="java.specification.version" value="1.8"/>
    <property name="sun.cpu.isalist" value=""/>
    <property name="sun.jnu.encoding" value="UTF-8"/>
    <property name="java.class.path" value="/home/sheharaj/development-workspace/enic/modules/enic-admin-service/target/test-classes:/home/sheharaj/development-workspace/enic/modules/enic-admin-service/target/classes:/home/sheharaj/.m2/repository/com/informaticsint/info-spring-boot-starter/0.0.1-SNAPSHOT/info-spring-boot-starter-0.0.1-SNAPSHOT.jar:/home/sheharaj/.m2/repository/javax/persistence/javax.persistence-api/2.2/javax.persistence-api-2.2.jar:/home/sheharaj/.m2/repository/org/springframework/data/spring-data-jpa/2.4.3/spring-data-jpa-2.4.3.jar:/home/sheharaj/.m2/repository/org/springframework/data/spring-data-commons/2.4.3/spring-data-commons-2.4.3.jar:/home/sheharaj/.m2/repository/org/springframework/spring-orm/5.3.3/spring-orm-5.3.3.jar:/home/sheharaj/.m2/repository/org/springframework/spring-tx/5.3.3/spring-tx-5.3.3.jar:/home/sheharaj/.m2/repository/org/aspectj/aspectjrt/1.9.6/aspectjrt-1.9.6.jar:/home/sheharaj/.m2/repository/org/slf4j/slf4j-api/1.7.30/slf4j-api-1.7.30.jar:/home/sheharaj/.m2/repository/org/springframework/spring-context-support/5.3.3/spring-context-support-5.3.3.jar:/home/sheharaj/.m2/repository/org/keycloak/keycloak-spring-security-adapter/10.0.2/keycloak-spring-security-adapter-10.0.2.jar:/home/sheharaj/.m2/repository/org/keycloak/keycloak-core/10.0.2/keycloak-core-10.0.2.jar:/home/sheharaj/.m2/repository/org/keycloak/keycloak-common/10.0.2/keycloak-common-10.0.2.jar:/home/sheharaj/.m2/repository/com/sun/activation/jakarta.activation/1.2.2/jakarta.activation-1.2.2.jar:/home/sheharaj/.m2/repository/org/bouncycastle/bcpkix-jdk15on/1.62/bcpkix-jdk15on-1.62.jar:/home/sheharaj/.m2/repository/org/keycloak/keycloak-adapter-spi/10.0.2/keycloak-adapter-spi-10.0.2.jar:/home/sheharaj/.m2/repository/org/keycloak/keycloak-adapter-core/10.0.2/keycloak-adapter-core-10.0.2.jar:/home/sheharaj/.m2/repository/org/jboss/logging/jboss-logging/3.4.1.Final/jboss-logging-3.4.1.Final.jar:/home/sheharaj/.m2/repository/org/bouncycastle/bcprov-jdk15on/1.62/bcprov-jdk15on-1.62.jar:/home/sheharaj/.m2/repository/com/fasterxml/jackson/core/jackson-core/2.11.4/jackson-core-2.11.4.jar:/home/sheharaj/.m2/repository/com/fasterxml/jackson/core/jackson-databind/2.11.4/jackson-databind-2.11.4.jar:/home/sheharaj/.m2/repository/com/fasterxml/jackson/core/jackson-annotations/2.11.4/jackson-annotations-2.11.4.jar:/home/sheharaj/.m2/repository/org/springframework/spring-web/5.3.3/spring-web-5.3.3.jar:/home/sheharaj/.m2/repository/javax/servlet/javax.servlet-api/4.0.1/javax.servlet-api-4.0.1.jar:/home/sheharaj/.m2/repository/org/springframework/spring-webmvc/5.3.3/spring-webmvc-5.3.3.jar:/home/sheharaj/.m2/repository/org/springframework/boot/spring-boot-starter-data-mongodb/2.4.2/spring-boot-starter-data-mongodb-2.4.2.jar:/home/sheharaj/.m2/repository/org/springframework/boot/spring-boot-starter/2.4.2/spring-boot-starter-2.4.2.jar:/home/sheharaj/.m2/repository/org/springframework/boot/spring-boot/2.4.2/spring-boot-2.4.2.jar:/home/sheharaj/.m2/repository/org/springframework/boot/spring-boot-autoconfigure/2.4.2/spring-boot-autoconfigure-2.4.2.jar:/home/sheharaj/.m2/repository/org/springframework/boot/spring-boot-starter-logging/2.4.2/spring-boot-starter-logging-2.4.2.jar:/home/sheharaj/.m2/repository/ch/qos/logback/logback-classic/1.2.3/logback-classic-1.2.3.jar:/home/sheharaj/.m2/repository/ch/qos/logback/logback-core/1.2.3/logback-core-1.2.3.jar:/home/sheharaj/.m2/repository/org/apache/logging/log4j/log4j-to-slf4j/2.13.3/log4j-to-slf4j-2.13.3.jar:/home/sheharaj/.m2/repository/org/apache/logging/log4j/log4j-api/2.13.3/log4j-api-2.13.3.jar:/home/sheharaj/.m2/repository/org/slf4j/jul-to-slf4j/1.7.30/jul-to-slf4j-1.7.30.jar:/home/sheharaj/.m2/repository/jakarta/annotation/jakarta.annotation-api/1.3.5/jakarta.annotation-api-1.3.5.jar:/home/sheharaj/.m2/repository/org/yaml/snakeyaml/1.27/snakeyaml-1.27.jar:/home/sheharaj/.m2/repository/org/mongodb/mongodb-driver-sync/4.1.1/mongodb-driver-sync-4.1.1.jar:/home/sheharaj/.m2/repository/org/mongodb/bson/4.1.1/bson-4.1.1.jar:/home/sheharaj/.m2/repository/org/mongodb/mongodb-driver-core/4.1.1/mongodb-driver-core-4.1.1.jar:/home/sheharaj/.m2/repository/org/springframework/data/spring-data-mongodb/3.1.3/spring-data-mongodb-3.1.3.jar:/home/sheharaj/.m2/repository/org/springframework/boot/spring-boot-starter-data-rest/2.4.2/spring-boot-starter-data-rest-2.4.2.jar:/home/sheharaj/.m2/repository/org/springframework/data/spring-data-rest-webmvc/3.4.3/spring-data-rest-webmvc-3.4.3.jar:/home/sheharaj/.m2/repository/org/springframework/data/spring-data-rest-core/3.4.3/spring-data-rest-core-3.4.3.jar:/home/sheharaj/.m2/repository/org/springframework/hateoas/spring-hateoas/1.2.3/spring-hateoas-1.2.3.jar:/home/sheharaj/.m2/repository/org/springframework/plugin/spring-plugin-core/2.0.0.RELEASE/spring-plugin-core-2.0.0.RELEASE.jar:/home/sheharaj/.m2/repository/org/atteo/evo-inflector/1.2.2/evo-inflector-1.2.2.jar:/home/sheharaj/.m2/repository/org/springframework/boot/spring-boot-starter-web/2.4.2/spring-boot-starter-web-2.4.2.jar:/home/sheharaj/.m2/repository/org/springframework/boot/spring-boot-starter-json/2.4.2/spring-boot-starter-json-2.4.2.jar:/home/sheharaj/.m2/repository/com/fasterxml/jackson/datatype/jackson-datatype-jdk8/2.11.4/jackson-datatype-jdk8-2.11.4.jar:/home/sheharaj/.m2/repository/com/fasterxml/jackson/datatype/jackson-datatype-jsr310/2.11.4/jackson-datatype-jsr310-2.11.4.jar:/home/sheharaj/.m2/repository/com/fasterxml/jackson/module/jackson-module-parameter-names/2.11.4/jackson-module-parameter-names-2.11.4.jar:/home/sheharaj/.m2/repository/org/springframework/boot/spring-boot-starter-tomcat/2.4.2/spring-boot-starter-tomcat-2.4.2.jar:/home/sheharaj/.m2/repository/org/apache/tomcat/embed/tomcat-embed-core/9.0.41/tomcat-embed-core-9.0.41.jar:/home/sheharaj/.m2/repository/org/glassfish/jakarta.el/3.0.3/jakarta.el-3.0.3.jar:/home/sheharaj/.m2/repository/org/apache/tomcat/embed/tomcat-embed-websocket/9.0.41/tomcat-embed-websocket-9.0.41.jar:/home/sheharaj/.m2/repository/org/springframework/cloud/spring-cloud-starter-task/2.3.0/spring-cloud-starter-task-2.3.0.jar:/home/sheharaj/.m2/repository/org/springframework/cloud/spring-cloud-task-core/2.3.0/spring-cloud-task-core-2.3.0.jar:/home/sheharaj/.m2/repository/org/springframework/cloud/spring-cloud-deployer-autoconfigure/2.5.0/spring-cloud-deployer-autoconfigure-2.5.0.jar:/home/sheharaj/.m2/repository/org/springframework/cloud/spring-cloud-deployer-resource-support/2.5.0/spring-cloud-deployer-resource-support-2.5.0.jar:/home/sheharaj/.m2/repository/org/springframework/spring-jdbc/5.3.3/spring-jdbc-5.3.3.jar:/home/sheharaj/.m2/repository/org/springframework/batch/spring-batch-infrastructure/4.3.1/spring-batch-infrastructure-4.3.1.jar:/home/sheharaj/.m2/repository/org/springframework/retry/spring-retry/1.3.1/spring-retry-1.3.1.jar:/home/sheharaj/.m2/repository/io/micrometer/micrometer-core/1.6.3/micrometer-core-1.6.3.jar:/home/sheharaj/.m2/repository/org/hdrhistogram/HdrHistogram/2.1.12/HdrHistogram-2.1.12.jar:/home/sheharaj/.m2/repository/org/latencyutils/LatencyUtils/2.0.3/LatencyUtils-2.0.3.jar:/home/sheharaj/.m2/repository/org/springframework/cloud/spring-cloud-task-batch/2.3.0/spring-cloud-task-batch-2.3.0.jar:/home/sheharaj/.m2/repository/org/springframework/cloud/spring-cloud-task-stream/2.3.0/spring-cloud-task-stream-2.3.0.jar:/home/sheharaj/.m2/repository/org/springframework/cloud/spring-cloud-deployer-spi/2.5.0/spring-cloud-deployer-spi-2.5.0.jar:/home/sheharaj/.m2/repository/io/projectreactor/reactor-core/3.4.2/reactor-core-3.4.2.jar:/home/sheharaj/.m2/repository/org/reactivestreams/reactive-streams/1.0.3/reactive-streams-1.0.3.jar:/home/sheharaj/.m2/repository/org/springframework/cloud/spring-cloud-starter-openfeign/3.0.0/spring-cloud-starter-openfeign-3.0.0.jar:/home/sheharaj/.m2/repository/org/springframework/cloud/spring-cloud-starter/3.0.0/spring-cloud-starter-3.0.0.jar:/home/sheharaj/.m2/repository/org/springframework/cloud/spring-cloud-context/3.0.0/spring-cloud-context-3.0.0.jar:/home/sheharaj/.m2/repository/org/springframework/security/spring-security-rsa/1.0.9.RELEASE/spring-security-rsa-1.0.9.RELEASE.jar:/home/sheharaj/.m2/repository/org/springframework/cloud/spring-cloud-openfeign-core/3.0.0/spring-cloud-openfeign-core-3.0.0.jar:/home/sheharaj/.m2/repository/org/springframework/boot/spring-boot-starter-aop/2.4.2/spring-boot-starter-aop-2.4.2.jar:/home/sheharaj/.m2/repository/org/aspectj/aspectjweaver/1.9.6/aspectjweaver-1.9.6.jar:/home/sheharaj/.m2/repository/io/github/openfeign/form/feign-form-spring/3.8.0/feign-form-spring-3.8.0.jar:/home/sheharaj/.m2/repository/io/github/openfeign/form/feign-form/3.8.0/feign-form-3.8.0.jar:/home/sheharaj/.m2/repository/commons-fileupload/commons-fileupload/1.4/commons-fileupload-1.4.jar:/home/sheharaj/.m2/repository/commons-io/commons-io/2.2/commons-io-2.2.jar:/home/sheharaj/.m2/repository/org/springframework/cloud/spring-cloud-commons/3.0.0/spring-cloud-commons-3.0.0.jar:/home/sheharaj/.m2/repository/org/springframework/security/spring-security-crypto/5.4.2/spring-security-crypto-5.4.2.jar:/home/sheharaj/.m2/repository/io/github/openfeign/feign-core/10.10.1/feign-core-10.10.1.jar:/home/sheharaj/.m2/repository/io/github/openfeign/feign-slf4j/10.10.1/feign-slf4j-10.10.1.jar:/home/sheharaj/.m2/repository/org/springframework/boot/spring-boot-starter-test/2.4.2/spring-boot-starter-test-2.4.2.jar:/home/sheharaj/.m2/repository/org/springframework/boot/spring-boot-test/2.4.2/spring-boot-test-2.4.2.jar:/home/sheharaj/.m2/repository/org/springframework/boot/spring-boot-test-autoconfigure/2.4.2/spring-boot-test-autoconfigure-2.4.2.jar:/home/sheharaj/.m2/repository/com/jayway/jsonpath/json-path/2.4.0/json-path-2.4.0.jar:/home/sheharaj/.m2/repository/net/minidev/json-smart/2.3/json-smart-2.3.jar:/home/sheharaj/.m2/repository/net/minidev/accessors-smart/1.2/accessors-smart-1.2.jar:/home/sheharaj/.m2/repository/org/ow2/asm/asm/5.0.4/asm-5.0.4.jar:/home/sheharaj/.m2/repository/jakarta/xml/bind/jakarta.xml.bind-api/2.3.3/jakarta.xml.bind-api-2.3.3.jar:/home/sheharaj/.m2/repository/jakarta/activation/jakarta.activation-api/1.2.2/jakarta.activation-api-1.2.2.jar:/home/sheharaj/.m2/repository/org/assertj/assertj-core/3.18.1/assertj-core-3.18.1.jar:/home/sheharaj/.m2/repository/org/hamcrest/hamcrest/2.2/hamcrest-2.2.jar:/home/sheharaj/.m2/repository/org/junit/jupiter/junit-jupiter/5.7.0/junit-jupiter-5.7.0.jar:/home/sheharaj/.m2/repository/org/junit/jupiter/junit-jupiter-api/5.7.0/junit-jupiter-api-5.7.0.jar:/home/sheharaj/.m2/repository/org/apiguardian/apiguardian-api/1.1.0/apiguardian-api-1.1.0.jar:/home/sheharaj/.m2/repository/org/opentest4j/opentest4j/1.2.0/opentest4j-1.2.0.jar:/home/sheharaj/.m2/repository/org/junit/platform/junit-platform-commons/1.7.0/junit-platform-commons-1.7.0.jar:/home/sheharaj/.m2/repository/org/junit/jupiter/junit-jupiter-params/5.7.0/junit-jupiter-params-5.7.0.jar:/home/sheharaj/.m2/repository/org/junit/jupiter/junit-jupiter-engine/5.7.0/junit-jupiter-engine-5.7.0.jar:/home/sheharaj/.m2/repository/org/junit/platform/junit-platform-engine/1.7.0/junit-platform-engine-1.7.0.jar:/home/sheharaj/.m2/repository/org/mockito/mockito-core/3.6.28/mockito-core-3.6.28.jar:/home/sheharaj/.m2/repository/net/bytebuddy/byte-buddy/1.10.19/byte-buddy-1.10.19.jar:/home/sheharaj/.m2/repository/net/bytebuddy/byte-buddy-agent/1.10.19/byte-buddy-agent-1.10.19.jar:/home/sheharaj/.m2/repository/org/objenesis/objenesis/3.1/objenesis-3.1.jar:/home/sheharaj/.m2/repository/org/mockito/mockito-junit-jupiter/3.6.28/mockito-junit-jupiter-3.6.28.jar:/home/sheharaj/.m2/repository/org/skyscreamer/jsonassert/1.5.0/jsonassert-1.5.0.jar:/home/sheharaj/.m2/repository/com/vaadin/external/google/android-json/0.0.20131108.vaadin1/android-json-0.0.20131108.vaadin1.jar:/home/sheharaj/.m2/repository/org/springframework/spring-core/5.3.3/spring-core-5.3.3.jar:/home/sheharaj/.m2/repository/org/springframework/spring-jcl/5.3.3/spring-jcl-5.3.3.jar:/home/sheharaj/.m2/repository/org/springframework/spring-test/5.3.3/spring-test-5.3.3.jar:/home/sheharaj/.m2/repository/org/xmlunit/xmlunit-core/2.7.0/xmlunit-core-2.7.0.jar:/home/sheharaj/.m2/repository/org/springframework/spring-context/5.3.3/spring-context-5.3.3.jar:/home/sheharaj/.m2/repository/org/springframework/spring-aop/5.3.3/spring-aop-5.3.3.jar:/home/sheharaj/.m2/repository/org/springframework/spring-beans/5.3.3/spring-beans-5.3.3.jar:/home/sheharaj/.m2/repository/org/springframework/spring-expression/5.3.3/spring-expression-5.3.3.jar:/home/sheharaj/.m2/repository/org/springframework/boot/spring-boot-starter-cache/2.4.2/spring-boot-starter-cache-2.4.2.jar:/home/sheharaj/.m2/repository/org/keycloak/keycloak-spring-boot-starter/10.0.2/keycloak-spring-boot-starter-10.0.2.jar:/home/sheharaj/.m2/repository/org/keycloak/keycloak-spring-boot-2-adapter/10.0.2/keycloak-spring-boot-2-adapter-10.0.2.jar:/home/sheharaj/.m2/repository/org/keycloak/keycloak-spring-boot-adapter-core/10.0.2/keycloak-spring-boot-adapter-core-10.0.2.jar:/home/sheharaj/.m2/repository/org/keycloak/keycloak-authz-client/10.0.2/keycloak-authz-client-10.0.2.jar:/home/sheharaj/.m2/repository/org/keycloak/spring-boot-container-bundle/10.0.2/spring-boot-container-bundle-10.0.2.jar:/home/sheharaj/.m2/repository/org/apache/httpcomponents/httpclient/4.5.13/httpclient-4.5.13.jar:/home/sheharaj/.m2/repository/org/apache/httpcomponents/httpcore/4.4.14/httpcore-4.4.14.jar:/home/sheharaj/.m2/repository/commons-codec/commons-codec/1.15/commons-codec-1.15.jar:"/>
    <property name="java.vm.vendor" value="Red Hat, Inc."/>
    <property name="sun.arch.data.model" value="64"/>
    <property name="java.vendor.url" value="https://www.redhat.com/"/>
    <property name="user.timezone" value=""/>
    <property name="java.vm.specification.version" value="1.8"/>
    <property name="os.name" value="Linux"/>
    <property name="user.country" value="US"/>
    <property name="sun.java.launcher" value="SUN_STANDARD"/>
    <property name="sun.boot.library.path" value="/usr/lib/jvm/java-1.8.0-openjdk-1.8.0.282.b08-0.fc33.x86_64/jre/lib/amd64"/>
    <property name="sun.java.command" value="/home/sheharaj/development-workspace/enic/modules/enic-admin-service/target/surefire/surefirebooter8829497664290936461.jar /home/sheharaj/development-workspace/enic/modules/enic-admin-service/target/surefire 2021-03-01T13-07-53_245-jvmRun1 surefire4198860606755890901tmp surefire_09070421617546026170tmp"/>
    <property name="surefire.test.class.path" value="/home/sheharaj/development-workspace/enic/modules/enic-admin-service/target/test-classes:/home/sheharaj/development-workspace/enic/modules/enic-admin-service/target/classes:/home/sheharaj/.m2/repository/com/informaticsint/info-spring-boot-starter/0.0.1-SNAPSHOT/info-spring-boot-starter-0.0.1-SNAPSHOT.jar:/home/sheharaj/.m2/repository/javax/persistence/javax.persistence-api/2.2/javax.persistence-api-2.2.jar:/home/sheharaj/.m2/repository/org/springframework/data/spring-data-jpa/2.4.3/spring-data-jpa-2.4.3.jar:/home/sheharaj/.m2/repository/org/springframework/data/spring-data-commons/2.4.3/spring-data-commons-2.4.3.jar:/home/sheharaj/.m2/repository/org/springframework/spring-orm/5.3.3/spring-orm-5.3.3.jar:/home/sheharaj/.m2/repository/org/springframework/spring-tx/5.3.3/spring-tx-5.3.3.jar:/home/sheharaj/.m2/repository/org/aspectj/aspectjrt/1.9.6/aspectjrt-1.9.6.jar:/home/sheharaj/.m2/repository/org/slf4j/slf4j-api/1.7.30/slf4j-api-1.7.30.jar:/home/sheharaj/.m2/repository/org/springframework/spring-context-support/5.3.3/spring-context-support-5.3.3.jar:/home/sheharaj/.m2/repository/org/keycloak/keycloak-spring-security-adapter/10.0.2/keycloak-spring-security-adapter-10.0.2.jar:/home/sheharaj/.m2/repository/org/keycloak/keycloak-core/10.0.2/keycloak-core-10.0.2.jar:/home/sheharaj/.m2/repository/org/keycloak/keycloak-common/10.0.2/keycloak-common-10.0.2.jar:/home/sheharaj/.m2/repository/com/sun/activation/jakarta.activation/1.2.2/jakarta.activation-1.2.2.jar:/home/sheharaj/.m2/repository/org/bouncycastle/bcpkix-jdk15on/1.62/bcpkix-jdk15on-1.62.jar:/home/sheharaj/.m2/repository/org/keycloak/keycloak-adapter-spi/10.0.2/keycloak-adapter-spi-10.0.2.jar:/home/sheharaj/.m2/repository/org/keycloak/keycloak-adapter-core/10.0.2/keycloak-adapter-core-10.0.2.jar:/home/sheharaj/.m2/repository/org/jboss/logging/jboss-logging/3.4.1.Final/jboss-logging-3.4.1.Final.jar:/home/sheharaj/.m2/repository/org/bouncycastle/bcprov-jdk15on/1.62/bcprov-jdk15on-1.62.jar:/home/sheharaj/.m2/repository/com/fasterxml/jackson/core/jackson-core/2.11.4/jackson-core-2.11.4.jar:/home/sheharaj/.m2/repository/com/fasterxml/jackson/core/jackson-databind/2.11.4/jackson-databind-2.11.4.jar:/home/sheharaj/.m2/repository/com/fasterxml/jackson/core/jackson-annotations/2.11.4/jackson-annotations-2.11.4.jar:/home/sheharaj/.m2/repository/org/springframework/spring-web/5.3.3/spring-web-5.3.3.jar:/home/sheharaj/.m2/repository/javax/servlet/javax.servlet-api/4.0.1/javax.servlet-api-4.0.1.jar:/home/sheharaj/.m2/repository/org/springframework/spring-webmvc/5.3.3/spring-webmvc-5.3.3.jar:/home/sheharaj/.m2/repository/org/springframework/boot/spring-boot-starter-data-mongodb/2.4.2/spring-boot-starter-data-mongodb-2.4.2.jar:/home/sheharaj/.m2/repository/org/springframework/boot/spring-boot-starter/2.4.2/spring-boot-starter-2.4.2.jar:/home/sheharaj/.m2/repository/org/springframework/boot/spring-boot/2.4.2/spring-boot-2.4.2.jar:/home/sheharaj/.m2/repository/org/springframework/boot/spring-boot-autoconfigure/2.4.2/spring-boot-autoconfigure-2.4.2.jar:/home/sheharaj/.m2/repository/org/springframework/boot/spring-boot-starter-logging/2.4.2/spring-boot-starter-logging-2.4.2.jar:/home/sheharaj/.m2/repository/ch/qos/logback/logback-classic/1.2.3/logback-classic-1.2.3.jar:/home/sheharaj/.m2/repository/ch/qos/logback/logback-core/1.2.3/logback-core-1.2.3.jar:/home/sheharaj/.m2/repository/org/apache/logging/log4j/log4j-to-slf4j/2.13.3/log4j-to-slf4j-2.13.3.jar:/home/sheharaj/.m2/repository/org/apache/logging/log4j/log4j-api/2.13.3/log4j-api-2.13.3.jar:/home/sheharaj/.m2/repository/org/slf4j/jul-to-slf4j/1.7.30/jul-to-slf4j-1.7.30.jar:/home/sheharaj/.m2/repository/jakarta/annotation/jakarta.annotation-api/1.3.5/jakarta.annotation-api-1.3.5.jar:/home/sheharaj/.m2/repository/org/yaml/snakeyaml/1.27/snakeyaml-1.27.jar:/home/sheharaj/.m2/repository/org/mongodb/mongodb-driver-sync/4.1.1/mongodb-driver-sync-4.1.1.jar:/home/sheharaj/.m2/repository/org/mongodb/bson/4.1.1/bson-4.1.1.jar:/home/sheharaj/.m2/repository/org/mongodb/mongodb-driver-core/4.1.1/mongodb-driver-core-4.1.1.jar:/home/sheharaj/.m2/repository/org/springframework/data/spring-data-mongodb/3.1.3/spring-data-mongodb-3.1.3.jar:/home/sheharaj/.m2/repository/org/springframework/boot/spring-boot-starter-data-rest/2.4.2/spring-boot-starter-data-rest-2.4.2.jar:/home/sheharaj/.m2/repository/org/springframework/data/spring-data-rest-webmvc/3.4.3/spring-data-rest-webmvc-3.4.3.jar:/home/sheharaj/.m2/repository/org/springframework/data/spring-data-rest-core/3.4.3/spring-data-rest-core-3.4.3.jar:/home/sheharaj/.m2/repository/org/springframework/hateoas/spring-hateoas/1.2.3/spring-hateoas-1.2.3.jar:/home/sheharaj/.m2/repository/org/springframework/plugin/spring-plugin-core/2.0.0.RELEASE/spring-plugin-core-2.0.0.RELEASE.jar:/home/sheharaj/.m2/repository/org/atteo/evo-inflector/1.2.2/evo-inflector-1.2.2.jar:/home/sheharaj/.m2/repository/org/springframework/boot/spring-boot-starter-web/2.4.2/spring-boot-starter-web-2.4.2.jar:/home/sheharaj/.m2/repository/org/springframework/boot/spring-boot-starter-json/2.4.2/spring-boot-starter-json-2.4.2.jar:/home/sheharaj/.m2/repository/com/fasterxml/jackson/datatype/jackson-datatype-jdk8/2.11.4/jackson-datatype-jdk8-2.11.4.jar:/home/sheharaj/.m2/repository/com/fasterxml/jackson/datatype/jackson-datatype-jsr310/2.11.4/jackson-datatype-jsr310-2.11.4.jar:/home/sheharaj/.m2/repository/com/fasterxml/jackson/module/jackson-module-parameter-names/2.11.4/jackson-module-parameter-names-2.11.4.jar:/home/sheharaj/.m2/repository/org/springframework/boot/spring-boot-starter-tomcat/2.4.2/spring-boot-starter-tomcat-2.4.2.jar:/home/sheharaj/.m2/repository/org/apache/tomcat/embed/tomcat-embed-core/9.0.41/tomcat-embed-core-9.0.41.jar:/home/sheharaj/.m2/repository/org/glassfish/jakarta.el/3.0.3/jakarta.el-3.0.3.jar:/home/sheharaj/.m2/repository/org/apache/tomcat/embed/tomcat-embed-websocket/9.0.41/tomcat-embed-websocket-9.0.41.jar:/home/sheharaj/.m2/repository/org/springframework/cloud/spring-cloud-starter-task/2.3.0/spring-cloud-starter-task-2.3.0.jar:/home/sheharaj/.m2/repository/org/springframework/cloud/spring-cloud-task-core/2.3.0/spring-cloud-task-core-2.3.0.jar:/home/sheharaj/.m2/repository/org/springframework/cloud/spring-cloud-deployer-autoconfigure/2.5.0/spring-cloud-deployer-autoconfigure-2.5.0.jar:/home/sheharaj/.m2/repository/org/springframework/cloud/spring-cloud-deployer-resource-support/2.5.0/spring-cloud-deployer-resource-support-2.5.0.jar:/home/sheharaj/.m2/repository/org/springframework/spring-jdbc/5.3.3/spring-jdbc-5.3.3.jar:/home/sheharaj/.m2/repository/org/springframework/batch/spring-batch-infrastructure/4.3.1/spring-batch-infrastructure-4.3.1.jar:/home/sheharaj/.m2/repository/org/springframework/retry/spring-retry/1.3.1/spring-retry-1.3.1.jar:/home/sheharaj/.m2/repository/io/micrometer/micrometer-core/1.6.3/micrometer-core-1.6.3.jar:/home/sheharaj/.m2/repository/org/hdrhistogram/HdrHistogram/2.1.12/HdrHistogram-2.1.12.jar:/home/sheharaj/.m2/repository/org/latencyutils/LatencyUtils/2.0.3/LatencyUtils-2.0.3.jar:/home/sheharaj/.m2/repository/org/springframework/cloud/spring-cloud-task-batch/2.3.0/spring-cloud-task-batch-2.3.0.jar:/home/sheharaj/.m2/repository/org/springframework/cloud/spring-cloud-task-stream/2.3.0/spring-cloud-task-stream-2.3.0.jar:/home/sheharaj/.m2/repository/org/springframework/cloud/spring-cloud-deployer-spi/2.5.0/spring-cloud-deployer-spi-2.5.0.jar:/home/sheharaj/.m2/repository/io/projectreactor/reactor-core/3.4.2/reactor-core-3.4.2.jar:/home/sheharaj/.m2/repository/org/reactivestreams/reactive-streams/1.0.3/reactive-streams-1.0.3.jar:/home/sheharaj/.m2/repository/org/springframework/cloud/spring-cloud-starter-openfeign/3.0.0/spring-cloud-starter-openfeign-3.0.0.jar:/home/sheharaj/.m2/repository/org/springframework/cloud/spring-cloud-starter/3.0.0/spring-cloud-starter-3.0.0.jar:/home/sheharaj/.m2/repository/org/springframework/cloud/spring-cloud-context/3.0.0/spring-cloud-context-3.0.0.jar:/home/sheharaj/.m2/repository/org/springframework/security/spring-security-rsa/1.0.9.RELEASE/spring-security-rsa-1.0.9.RELEASE.jar:/home/sheharaj/.m2/repository/org/springframework/cloud/spring-cloud-openfeign-core/3.0.0/spring-cloud-openfeign-core-3.0.0.jar:/home/sheharaj/.m2/repository/org/springframework/boot/spring-boot-starter-aop/2.4.2/spring-boot-starter-aop-2.4.2.jar:/home/sheharaj/.m2/repository/org/aspectj/aspectjweaver/1.9.6/aspectjweaver-1.9.6.jar:/home/sheharaj/.m2/repository/io/github/openfeign/form/feign-form-spring/3.8.0/feign-form-spring-3.8.0.jar:/home/sheharaj/.m2/repository/io/github/openfeign/form/feign-form/3.8.0/feign-form-3.8.0.jar:/home/sheharaj/.m2/repository/commons-fileupload/commons-fileupload/1.4/commons-fileupload-1.4.jar:/home/sheharaj/.m2/repository/commons-io/commons-io/2.2/commons-io-2.2.jar:/home/sheharaj/.m2/repository/org/springframework/cloud/spring-cloud-commons/3.0.0/spring-cloud-commons-3.0.0.jar:/home/sheharaj/.m2/repository/org/springframework/security/spring-security-crypto/5.4.2/spring-security-crypto-5.4.2.jar:/home/sheharaj/.m2/repository/io/github/openfeign/feign-core/10.10.1/feign-core-10.10.1.jar:/home/sheharaj/.m2/repository/io/github/openfeign/feign-slf4j/10.10.1/feign-slf4j-10.10.1.jar:/home/sheharaj/.m2/repository/org/springframework/boot/spring-boot-starter-test/2.4.2/spring-boot-starter-test-2.4.2.jar:/home/sheharaj/.m2/repository/org/springframework/boot/spring-boot-test/2.4.2/spring-boot-test-2.4.2.jar:/home/sheharaj/.m2/repository/org/springframework/boot/spring-boot-test-autoconfigure/2.4.2/spring-boot-test-autoconfigure-2.4.2.jar:/home/sheharaj/.m2/repository/com/jayway/jsonpath/json-path/2.4.0/json-path-2.4.0.jar:/home/sheharaj/.m2/repository/net/minidev/json-smart/2.3/json-smart-2.3.jar:/home/sheharaj/.m2/repository/net/minidev/accessors-smart/1.2/accessors-smart-1.2.jar:/home/sheharaj/.m2/repository/org/ow2/asm/asm/5.0.4/asm-5.0.4.jar:/home/sheharaj/.m2/repository/jakarta/xml/bind/jakarta.xml.bind-api/2.3.3/jakarta.xml.bind-api-2.3.3.jar:/home/sheharaj/.m2/repository/jakarta/activation/jakarta.activation-api/1.2.2/jakarta.activation-api-1.2.2.jar:/home/sheharaj/.m2/repository/org/assertj/assertj-core/3.18.1/assertj-core-3.18.1.jar:/home/sheharaj/.m2/repository/org/hamcrest/hamcrest/2.2/hamcrest-2.2.jar:/home/sheharaj/.m2/repository/org/junit/jupiter/junit-jupiter/5.7.0/junit-jupiter-5.7.0.jar:/home/sheharaj/.m2/repository/org/junit/jupiter/junit-jupiter-api/5.7.0/junit-jupiter-api-5.7.0.jar:/home/sheharaj/.m2/repository/org/apiguardian/apiguardian-api/1.1.0/apiguardian-api-1.1.0.jar:/home/sheharaj/.m2/repository/org/opentest4j/opentest4j/1.2.0/opentest4j-1.2.0.jar:/home/sheharaj/.m2/repository/org/junit/platform/junit-platform-commons/1.7.0/junit-platform-commons-1.7.0.jar:/home/sheharaj/.m2/repository/org/junit/jupiter/junit-jupiter-params/5.7.0/junit-jupiter-params-5.7.0.jar:/home/sheharaj/.m2/repository/org/junit/jupiter/junit-jupiter-engine/5.7.0/junit-jupiter-engine-5.7.0.jar:/home/sheharaj/.m2/repository/org/junit/platform/junit-platform-engine/1.7.0/junit-platform-engine-1.7.0.jar:/home/sheharaj/.m2/repository/org/mockito/mockito-core/3.6.28/mockito-core-3.6.28.jar:/home/sheharaj/.m2/repository/net/bytebuddy/byte-buddy/1.10.19/byte-buddy-1.10.19.jar:/home/sheharaj/.m2/repository/net/bytebuddy/byte-buddy-agent/1.10.19/byte-buddy-agent-1.10.19.jar:/home/sheharaj/.m2/repository/org/objenesis/objenesis/3.1/objenesis-3.1.jar:/home/sheharaj/.m2/repository/org/mockito/mockito-junit-jupiter/3.6.28/mockito-junit-jupiter-3.6.28.jar:/home/sheharaj/.m2/repository/org/skyscreamer/jsonassert/1.5.0/jsonassert-1.5.0.jar:/home/sheharaj/.m2/repository/com/vaadin/external/google/android-json/0.0.20131108.vaadin1/android-json-0.0.20131108.vaadin1.jar:/home/sheharaj/.m2/repository/org/springframework/spring-core/5.3.3/spring-core-5.3.3.jar:/home/sheharaj/.m2/repository/org/springframework/spring-jcl/5.3.3/spring-jcl-5.3.3.jar:/home/sheharaj/.m2/repository/org/springframework/spring-test/5.3.3/spring-test-5.3.3.jar:/home/sheharaj/.m2/repository/org/xmlunit/xmlunit-core/2.7.0/xmlunit-core-2.7.0.jar:/home/sheharaj/.m2/repository/org/springframework/spring-context/5.3.3/spring-context-5.3.3.jar:/home/sheharaj/.m2/repository/org/springframework/spring-aop/5.3.3/spring-aop-5.3.3.jar:/home/sheharaj/.m2/repository/org/springframework/spring-beans/5.3.3/spring-beans-5.3.3.jar:/home/sheharaj/.m2/repository/org/springframework/spring-expression/5.3.3/spring-expression-5.3.3.jar:/home/sheharaj/.m2/repository/org/springframework/boot/spring-boot-starter-cache/2.4.2/spring-boot-starter-cache-2.4.2.jar:/home/sheharaj/.m2/repository/org/keycloak/keycloak-spring-boot-starter/10.0.2/keycloak-spring-boot-starter-10.0.2.jar:/home/sheharaj/.m2/repository/org/keycloak/keycloak-spring-boot-2-adapter/10.0.2/keycloak-spring-boot-2-adapter-10.0.2.jar:/home/sheharaj/.m2/repository/org/keycloak/keycloak-spring-boot-adapter-core/10.0.2/keycloak-spring-boot-adapter-core-10.0.2.jar:/home/sheharaj/.m2/repository/org/keycloak/keycloak-authz-client/10.0.2/keycloak-authz-client-10.0.2.jar:/home/sheharaj/.m2/repository/org/keycloak/spring-boot-container-bundle/10.0.2/spring-boot-container-bundle-10.0.2.jar:/home/sheharaj/.m2/repository/org/apache/httpcomponents/httpclient/4.5.13/httpclient-4.5.13.jar:/home/sheharaj/.m2/repository/org/apache/httpcomponents/httpcore/4.4.14/httpcore-4.4.14.jar:/home/sheharaj/.m2/repository/commons-codec/commons-codec/1.15/commons-codec-1.15.jar:"/>
    <property name="sun.cpu.endian" value="little"/>
    <property name="user.home" value="/home/sheharaj"/>
    <property name="user.language" value="en"/>
    <property name="java.specification.vendor" value="Oracle Corporation"/>
    <property name="java.home" value="/usr/lib/jvm/java-1.8.0-openjdk-1.8.0.282.b08-0.fc33.x86_64/jre"/>
    <property name="basedir" value="/home/sheharaj/development-workspace/enic/modules/enic-admin-service"/>
    <property name="file.separator" value="/"/>
    <property name="line.separator" value="&#10;"/>
    <property name="java.vm.specification.vendor" value="Oracle Corporation"/>
    <property name="java.specification.name" value="Java Platform API Specification"/>
    <property name="java.awt.graphicsenv" value="sun.awt.X11GraphicsEnvironment"/>
    <property name="surefire.real.class.path" value="/home/sheharaj/development-workspace/enic/modules/enic-admin-service/target/surefire/surefirebooter8829497664290936461.jar"/>
    <property name="sun.boot.class.path" value="/usr/lib/jvm/java-1.8.0-openjdk-1.8.0.282.b08-0.fc33.x86_64/jre/lib/resources.jar:/usr/lib/jvm/java-1.8.0-openjdk-1.8.0.282.b08-0.fc33.x86_64/jre/lib/rt.jar:/usr/lib/jvm/java-1.8.0-openjdk-1.8.0.282.b08-0.fc33.x86_64/jre/lib/sunrsasign.jar:/usr/lib/jvm/java-1.8.0-openjdk-1.8.0.282.b08-0.fc33.x86_64/jre/lib/jsse.jar:/usr/lib/jvm/java-1.8.0-openjdk-1.8.0.282.b08-0.fc33.x86_64/jre/lib/jce.jar:/usr/lib/jvm/java-1.8.0-openjdk-1.8.0.282.b08-0.fc33.x86_64/jre/lib/charsets.jar:/usr/lib/jvm/java-1.8.0-openjdk-1.8.0.282.b08-0.fc33.x86_64/jre/lib/jfr.jar:/usr/lib/jvm/java-1.8.0-openjdk-1.8.0.282.b08-0.fc33.x86_64/jre/classes"/>
    <property name="sun.management.compiler" value="HotSpot 64-Bit Tiered Compilers"/>
    <property name="java.runtime.version" value="1.8.0_282-b08"/>
    <property name="user.name" value="sheharaj"/>
    <property name="path.separator" value=":"/>
    <property name="os.version" value="5.10.18-200.fc33.x86_64"/>
    <property name="java.endorsed.dirs" value="/usr/lib/jvm/java-1.8.0-openjdk-1.8.0.282.b08-0.fc33.x86_64/jre/lib/endorsed"/>
    <property name="java.runtime.name" value="OpenJDK Runtime Environment"/>
    <property name="file.encoding" value="UTF-8"/>
    <property name="java.vm.name" value="OpenJDK 64-Bit Server VM"/>
    <property name="localRepository" value="/home/sheharaj/.m2/repository"/>
    <property name="java.vendor.url.bug" value="https://bugzilla.redhat.com/enter_bug.cgi?product=Fedora&amp;component=java-1.8.0-openjdk&amp;version=33"/>
    <property name="java.io.tmpdir" value="/tmp"/>
    <property name="java.version" value="1.8.0_282"/>
    <property name="user.dir" value="/home/sheharaj/development-workspace/enic/modules/enic-admin-service"/>
    <property name="os.arch" value="amd64"/>
    <property name="java.vm.specification.name" value="Java Virtual Machine Specification"/>
    <property name="java.awt.printerjob" value="sun.print.PSPrinterJob"/>
    <property name="sun.os.patch.level" value="unknown"/>
    <property name="java.library.path" value="/usr/java/packages/lib/amd64:/usr/lib64:/lib64:/lib:/usr/lib"/>
    <property name="java.vm.info" value="mixed mode"/>
    <property name="java.vendor" value="Red Hat, Inc."/>
    <property name="java.vm.version" value="25.282-b08"/>
    <property name="java.ext.dirs" value="/usr/lib/jvm/java-1.8.0-openjdk-1.8.0.282.b08-0.fc33.x86_64/jre/lib/ext:/usr/java/packages/lib/ext"/>
    <property name="sun.io.unicode.encoding" value="UnicodeLittle"/>
    <property name="java.class.version" value="52.0"/>
  </properties>
  <testcase name="testGetGenderByIdFail" classname="com.informaticsint.fixed.service.BasicDetailServiceTest" time="0.006"/>
  <testcase name="testGetCivilStatusSuccess" classname="com.informaticsint.fixed.service.BasicDetailServiceTest" time="0.003"/>
  <testcase name="testGetAllGendersSuccess" classname="com.informaticsint.fixed.service.BasicDetailServiceTest" time="0.005"/>
  <testcase name="testGetAllCivilStatusEmptyArray" classname="com.informaticsint.fixed.service.BasicDetailServiceTest" time="0.002"/>
  <testcase name="testGetAllGendersEmptyArray" classname="com.informaticsint.fixed.service.BasicDetailServiceTest" time="0.003"/>
  <testcase name="testGetAllCivilStatusSuccess" classname="com.informaticsint.fixed.service.BasicDetailServiceTest" time="0.003"/>
  <testcase name="testGetCivilStatusFail" classname="com.informaticsint.fixed.service.BasicDetailServiceTest" time="0.003"/>
  <testcase name="testGetGenderByIdSuccess" classname="com.informaticsint.fixed.service.BasicDetailServiceTest" time="0.002"/>
</testsuite>